<?xml version="1.0" encoding="UTF-8"?>
<!-- Generated by org.testng.reporters.JUnitXMLReporter -->
<testsuite ignored="4" hostname="LAPTOP-9F9GKHEN" failures="0" tests="2" name="Test2" time="27.856" errors="0" timestamp="2023-01-26T17:58:16 IST">
  <testcase classname="Product.CreateProductTest" name="createProd" time="7.098"/>
  <testcase classname="Product.CreateProductAndDeleteTest" name="prodAndDelete" time="5.656"/>
  <testcase classname="Generic_Utility.BaseClass" name="@BeforeTest BT" time="0.0">
    <ignored/>
  </testcase> <!-- @BeforeTest BT -->
  <testcase classname="Generic_Utility.BaseClass" name="@AfterSuite AS" time="0.0">
    <ignored/>
  </testcase> <!-- @AfterSuite AS -->
  <testcase classname="Generic_Utility.BaseClass" name="@AfterTest AT" time="0.0">
    <ignored/>
  </testcase> <!-- @AfterTest AT -->
  <testcase classname="Generic_Utility.BaseClass" name="@BeforeSuite BS" time="0.0">
    <ignored/>
  </testcase> <!-- @BeforeSuite BS -->
</testsuite> <!-- Test2 -->
