<?xml version="1.0" encoding="UTF-8"?>
<!-- Generated by org.testng.reporters.JUnitXMLReporter -->
<testsuite ignored="1" hostname="LAPTOP-9F9GKHEN" failures="0" tests="1" name="Test" time="8.876" errors="0" timestamp="2023-02-07T20:32:00 IST">
  <testcase classname="Organization.CreateOrganisationForRegionalRegressionTest" name="m1" time="0.013"/>
  <testcase classname="Organization.CreateOrganisationForRegionalRegressionTest" name="createOrg" time="0.0">
    <ignored/>
  </testcase> <!-- createOrg -->
</testsuite> <!-- Test -->
