<?xml version="1.0" encoding="UTF-8"?>
<!-- Generated by org.testng.reporters.JUnitXMLReporter -->
<testsuite ignored="1" hostname="LAPTOP-9F9GKHEN" failures="0" tests="1" name="Test" time="16.388" errors="0" timestamp="2023-02-04T20:11:05 IST">
  <testcase classname="Organization.CreateOrganisationForRegionalRegressionTest" name="m1" time="0.01"/>
  <testcase classname="Organization.CreateOrganisationForRegionalRegressionTest" name="createOrg" time="0.0">
    <ignored/>
  </testcase> <!-- createOrg -->
</testsuite> <!-- Test -->
