<?xml version="1.0" encoding="UTF-8"?>
<!-- Generated by org.testng.reporters.JUnitXMLReporter -->
<testsuite ignored="0" hostname="LAPTOP-9F9GKHEN" failures="0" tests="1" name="Default test" time="0.045" errors="0" timestamp="2023-01-25T20:29:00 IST">
  <testcase classname="Generic_Utility.BaseClass" name="@BeforeClass BC" time="-1.674658740797E9">
    <failure type="org.testng.TestNGException" message="
Parameter &amp;apos;BROWSER&amp;apos; is required by BeforeClass on method BC but has not been marked @Optional or defined
in C:\Users\91910\AppData\Local\Temp\testng-eclipse--1227514682\testng-customsuite.xml">
      <![CDATA[org.testng.TestNGException: 
Parameter 'BROWSER' is required by BeforeClass on method BC but has not been marked @Optional or defined
in C:\Users\91910\AppData\Local\Temp\testng-eclipse--1227514682\testng-customsuite.xml
at org.testng.internal.Parameters.createParams(Parameters.java:270)
at org.testng.internal.Parameters.createParametersForMethod(Parameters.java:358)
at org.testng.internal.Parameters.createParameters(Parameters.java:700)
at org.testng.internal.Parameters.createConfigurationParameters(Parameters.java:168)
at org.testng.internal.ConfigInvoker.invokeConfigurations(ConfigInvoker.java:302)
at org.testng.internal.TestMethodWorker.invokeBeforeClassMethods(TestMethodWorker.java:176)
at org.testng.internal.TestMethodWorker.run(TestMethodWorker.java:122)
at java.base/java.util.ArrayList.forEach(ArrayList.java:1511)
at org.testng.TestRunner.privateRun(TestRunner.java:794)
at org.testng.TestRunner.run(TestRunner.java:596)
at org.testng.SuiteRunner.runTest(SuiteRunner.java:377)
at org.testng.SuiteRunner.runSequentially(SuiteRunner.java:371)
at org.testng.SuiteRunner.privateRun(SuiteRunner.java:332)
at org.testng.SuiteRunner.run(SuiteRunner.java:276)
at org.testng.SuiteRunnerWorker.runSuite(SuiteRunnerWorker.java:53)
at org.testng.SuiteRunnerWorker.run(SuiteRunnerWorker.java:96)
at org.testng.TestNG.runSuitesSequentially(TestNG.java:1212)
at org.testng.TestNG.runSuitesLocally(TestNG.java:1134)
at org.testng.TestNG.runSuites(TestNG.java:1063)
at org.testng.TestNG.run(TestNG.java:1031)
at org.testng.remote.AbstractRemoteTestNG.run(AbstractRemoteTestNG.java:115)
at org.testng.remote.RemoteTestNG.initAndRun(RemoteTestNG.java:251)
at org.testng.remote.RemoteTestNG.main(RemoteTestNG.java:77)
]]>
    </failure>
  </testcase> <!-- @BeforeClass BC -->
  <testcase classname="Generic_Utility.BaseClass" name="@BeforeMethod BM" time="-1.674658740815E9">
    <skipped/>
  </testcase> <!-- @BeforeMethod BM -->
  <testcase classname="Generic_Utility.BaseClass" name="@AfterMethod AM" time="-1.67465874082E9">
    <skipped/>
  </testcase> <!-- @AfterMethod AM -->
  <testcase classname="Generic_Utility.BaseClass" name="@AfterClass AC" time="-1.674658740823E9">
    <skipped/>
  </testcase> <!-- @AfterClass AC -->
  <testcase classname="Product.CreateProductTest" name="createProd" time="0.0">
    <skipped/>
  </testcase> <!-- createProd -->
</testsuite> <!-- Default test -->
